npm verb cli /usr/local/bin/node /usr/local/bin/npm
npm info using npm@9.8.1
npm info using node@v18.18.0
npm verb title npm install
npm verb argv "install" "--legacy-peer-deps" "--loglevel" "verbose"
npm verb logfile logs-max:10 dir:/Users/daniyarmokeev/.npm/_logs/2023-12-13T02_40_00_840Z-
npm verb logfile /Users/daniyarmokeev/.npm/_logs/2023-12-13T02_40_00_840Z-debug-0.log
npm http fetch GET 200 https://registry.npmjs.org/browserstack-cypress-cli 7ms (cache hit)
npm http fetch GET 200 https://registry.npmjs.org/cypress 2ms (cache hit)
npm http fetch GET 200 https://registry.npmjs.org/archiver 63ms (cache hit)
npm http fetch GET 200 https://registry.npmjs.org/fs-extra 62ms (cache hit)
npm http fetch GET 200 https://registry.npmjs.org/git-last-commit 63ms (cache hit)
npm http fetch GET 200 https://registry.npmjs.org/git-repo-info 62ms (cache hit)
npm http fetch GET 200 https://registry.npmjs.org/browserstack-local 64ms (cache hit)
npm http fetch GET 200 https://registry.npmjs.org/mocha 62ms (cache hit)
npm http fetch GET 200 https://registry.npmjs.org/cli-progress 67ms (cache hit)
npm http fetch GET 200 https://registry.npmjs.org/node-ipc 65ms (cache hit)
npm http fetch GET 200 https://registry.npmjs.org/glob 68ms (cache hit)
npm http fetch GET 200 https://registry.npmjs.org/requestretry 66ms (cache hit)
npm http fetch GET 200 https://registry.npmjs.org/chalk 72ms (cache hit)
npm http fetch GET 200 https://registry.npmjs.org/decompress 65ms (cache hit)
npm http fetch GET 200 https://registry.npmjs.org/table 67ms (cache hit)
npm http fetch GET 200 https://registry.npmjs.org/async 75ms (cache hit)
npm http fetch GET 200 https://registry.npmjs.org/yargs 70ms (cache hit)
npm http fetch GET 200 https://registry.npmjs.org/uuid 73ms (cache hit)
npm http fetch GET 200 https://registry.npmjs.org/@types%2fsizzle 69ms (cache hit)
npm http fetch GET 200 https://registry.npmjs.org/update-notifier 73ms (cache hit)
npm http fetch GET 200 https://registry.npmjs.org/blob-util 70ms (cache hit)
npm http fetch GET 200 https://registry.npmjs.org/winston 73ms (cache hit)
npm http fetch GET 200 https://registry.npmjs.org/windows-release 75ms (cache hit)
npm http fetch GET 200 https://registry.npmjs.org/@types%2fsinonjs__fake-timers 71ms (cache hit)
npm http fetch GET 200 https://registry.npmjs.org/arch 71ms (cache hit)
npm http fetch GET 200 https://registry.npmjs.org/@cypress%2fxvfb 72ms (cache hit)
npm http fetch GET 200 https://registry.npmjs.org/mkdirp 77ms (cache hit)
npm http fetch GET 200 https://registry.npmjs.org/buffer 71ms (cache hit)
npm http fetch GET 200 https://registry.npmjs.org/gitconfiglocal 81ms (cache hit)
npm http fetch GET 200 https://registry.npmjs.org/chalk 74ms (cache hit)
npm http fetch GET 200 https://registry.npmjs.org/@cypress%2frequest 77ms (cache hit)
npm http fetch GET 200 https://registry.npmjs.org/bluebird 76ms (cache hit)
npm http fetch GET 200 https://registry.npmjs.org/cli-cursor 77ms (cache hit)
npm http fetch GET 200 https://registry.npmjs.org/check-more-types 77ms (cache hit)
npm http fetch GET 200 https://registry.npmjs.org/execa 75ms (cache hit)
npm http fetch GET 200 https://registry.npmjs.org/cachedir 79ms (cache hit)
npm http fetch GET 200 https://registry.npmjs.org/getmac 89ms (cache hit)
npm http fetch GET 200 https://registry.npmjs.org/fs-extra 76ms (cache hit)
npm http fetch GET 200 https://registry.npmjs.org/request 88ms (cache hit)
npm http fetch GET 200 https://registry.npmjs.org/debug 80ms (cache hit)
npm http fetch GET 200 https://registry.npmjs.org/extract-zip 79ms (cache hit)
npm http fetch GET 200 https://registry.npmjs.org/getos 78ms (cache hit)
npm http fetch GET 200 https://registry.npmjs.org/eventemitter2 80ms (cache hit)
npm http fetch GET 200 https://registry.npmjs.org/executable 80ms (cache hit)
npm http fetch GET 200 https://registry.npmjs.org/lazy-ass 77ms (cache hit)
npm http fetch GET 200 https://registry.npmjs.org/dayjs 82ms (cache hit)
npm http fetch GET 200 https://registry.npmjs.org/is-ci 81ms (cache hit)
npm http fetch GET 200 https://registry.npmjs.org/figures 83ms (cache hit)
npm http fetch GET 200 https://registry.npmjs.org/lodash 79ms (cache hit)
npm http fetch GET 200 https://registry.npmjs.org/is-installed-globally 83ms (cache hit)
npm http fetch GET 200 https://registry.npmjs.org/proxy-from-env 78ms (cache hit)
npm http fetch GET 200 https://registry.npmjs.org/minimist 79ms (cache hit)
npm http fetch GET 200 https://registry.npmjs.org/commander 87ms (cache hit)
npm http fetch GET 200 https://registry.npmjs.org/log-symbols 81ms (cache hit)
npm http fetch GET 200 https://registry.npmjs.org/process 81ms (cache hit)
npm http fetch GET 200 https://registry.npmjs.org/request-progress 80ms (cache hit)
npm http fetch GET 200 https://registry.npmjs.org/supports-color 80ms (cache hit)
npm http fetch GET 200 https://registry.npmjs.org/listr2 83ms (cache hit)
npm http fetch GET 200 https://registry.npmjs.org/@types%2fnode 98ms (cache hit)
npm http fetch GET 200 https://registry.npmjs.org/pretty-bytes 100ms (cache hit)
npm http fetch GET 200 https://registry.npmjs.org/semver 100ms (cache hit)
npm http fetch GET 200 https://registry.npmjs.org/yauzl 100ms (cache hit)
npm http fetch GET 200 https://registry.npmjs.org/untildify 100ms (cache hit)
npm http fetch GET 200 https://registry.npmjs.org/cli-table3 111ms (cache hit)
npm http fetch GET 200 https://registry.npmjs.org/ospath 103ms (cache hit)
npm http fetch GET 200 https://registry.npmjs.org/enquirer 112ms (cache hit)
npm http fetch GET 200 https://registry.npmjs.org/common-tags 114ms (cache hit)
npm http fetch GET 200 https://registry.npmjs.org/tmp 106ms (cache hit)
npm http fetch GET 200 https://registry.npmjs.org/temp-fs 92ms (cache hit)
npm http fetch GET 200 https://registry.npmjs.org/ps-tree 93ms (cache hit)
npm http fetch GET 200 https://registry.npmjs.org/string-width 91ms (cache hit)
npm http fetch GET 200 https://registry.npmjs.org/tar-stream 94ms (cache hit)
npm http fetch GET 200 https://registry.npmjs.org/is-running 93ms (cache hit)
npm http fetch GET 200 https://registry.npmjs.org/decompress-tar 91ms (cache hit)
npm http fetch GET 200 https://registry.npmjs.org/agent-base 93ms (cache hit)
npm http fetch GET 200 https://registry.npmjs.org/zip-stream 95ms (cache hit)
npm http fetch GET 200 https://registry.npmjs.org/ansi-styles 92ms (cache hit)
npm http fetch GET 200 https://registry.npmjs.org/readable-stream 97ms (cache hit)
npm http fetch GET 200 https://registry.npmjs.org/graceful-fs 90ms (cache hit)
npm http fetch GET 200 https://registry.npmjs.org/buffer-crc32 98ms (cache hit)
npm http fetch GET 200 https://registry.npmjs.org/decompress-targz 93ms (cache hit)
npm http fetch GET 200 https://registry.npmjs.org/pify 92ms (cache hit)
npm http fetch GET 200 https://registry.npmjs.org/graceful-fs 92ms (cache hit)
npm http fetch GET 200 https://registry.npmjs.org/decompress-tarbz2 94ms (cache hit)
npm http fetch GET 200 https://registry.npmjs.org/ini 89ms (cache hit)
npm http fetch GET 200 https://registry.npmjs.org/archiver-utils 100ms (cache hit)
npm http fetch GET 200 https://registry.npmjs.org/readdir-glob 99ms (cache hit)
npm http fetch GET 200 https://registry.npmjs.org/jsonfile 91ms (cache hit)
npm http fetch GET 200 https://registry.npmjs.org/strip-dirs 93ms (cache hit)
npm http fetch GET 200 https://registry.npmjs.org/once 88ms (cache hit)
npm http fetch GET 200 https://registry.npmjs.org/decompress-unzip 94ms (cache hit)
npm http fetch GET 200 https://registry.npmjs.org/browser-stdout 87ms (cache hit)
npm http fetch GET 200 https://registry.npmjs.org/fs.realpath 90ms (cache hit)
npm http fetch GET 200 https://registry.npmjs.org/https-proxy-agent 98ms (cache hit)
npm http fetch GET 200 https://registry.npmjs.org/chokidar 88ms (cache hit)
npm http fetch GET 200 https://registry.npmjs.org/find-up 87ms (cache hit)
npm http fetch GET 200 https://registry.npmjs.org/universalify 93ms (cache hit)
npm http fetch GET 200 https://registry.npmjs.org/make-dir 96ms (cache hit)
npm http fetch GET 200 https://registry.npmjs.org/inflight 91ms (cache hit)
npm http fetch GET 200 https://registry.npmjs.org/ansi-colors 89ms (cache hit)
npm http fetch GET 200 https://registry.npmjs.org/nanoid 85ms (cache hit)
npm http fetch GET 200 https://registry.npmjs.org/path-is-absolute 91ms (cache hit)
npm http fetch GET 200 https://registry.npmjs.org/strip-json-comments 86ms (cache hit)
npm http fetch GET 200 https://registry.npmjs.org/serialize-javascript 86ms (cache hit)
npm http fetch GET 200 https://registry.npmjs.org/ms 87ms (cache hit)
npm http fetch GET 200 https://registry.npmjs.org/he 89ms (cache hit)
npm http fetch GET 200 https://registry.npmjs.org/js-yaml 90ms (cache hit)
npm http fetch GET 200 https://registry.npmjs.org/minimatch 89ms (cache hit)
npm http fetch GET 200 https://registry.npmjs.org/combined-stream 85ms (cache hit)
npm http fetch GET 200 https://registry.npmjs.org/event-pubsub 88ms (cache hit)
npm http fetch GET 200 https://registry.npmjs.org/workerpool 90ms (cache hit)
npm http fetch GET 200 https://registry.npmjs.org/caseless 87ms (cache hit)
npm http fetch GET 200 https://registry.npmjs.org/diff 93ms (cache hit)
npm http fetch GET 200 https://registry.npmjs.org/js-message 89ms (cache hit)
npm http fetch GET 200 https://registry.npmjs.org/js-queue 89ms (cache hit)
npm http fetch GET 200 https://registry.npmjs.org/aws-sign2 88ms (cache hit)
npm http fetch GET 200 https://registry.npmjs.org/escape-string-regexp 94ms (cache hit)
npm http fetch GET 200 https://registry.npmjs.org/aws4 88ms (cache hit)
npm http fetch GET 200 https://registry.npmjs.org/http-signature 86ms (cache hit)
npm http fetch GET 200 https://registry.npmjs.org/har-validator 88ms (cache hit)
npm http fetch GET 200 https://registry.npmjs.org/json-stringify-safe 87ms (cache hit)
npm http fetch GET 200 https://registry.npmjs.org/isstream 87ms (cache hit)
npm http fetch GET 200 https://registry.npmjs.org/extend 88ms (cache hit)
npm http fetch GET 200 https://registry.npmjs.org/performance-now 85ms (cache hit)
npm http fetch GET 200 https://registry.npmjs.org/minimatch 99ms (cache hit)
npm http fetch GET 200 https://registry.npmjs.org/yargs-parser 92ms (cache hit)
npm http fetch GET 200 https://registry.npmjs.org/qs 87ms (cache hit)
npm http fetch GET 200 https://registry.npmjs.org/forever-agent 91ms (cache hit)
npm http fetch GET 200 https://registry.npmjs.org/string-width 85ms (cache hit)
npm http fetch GET 200 https://registry.npmjs.org/tunnel-agent 87ms (cache hit)
npm http fetch GET 200 https://registry.npmjs.org/extend 86ms (cache hit)
npm http fetch GET 200 https://registry.npmjs.org/yargs-unparser 94ms (cache hit)
npm http fetch GET 200 https://registry.npmjs.org/tough-cookie 87ms (cache hit)
npm http fetch GET 200 https://registry.npmjs.org/slice-ansi 86ms (cache hit)
npm http fetch GET 200 https://registry.npmjs.org/has-yarn 85ms (cache hit)
npm http fetch GET 200 https://registry.npmjs.org/latest-version 84ms (cache hit)
npm http fetch GET 200 https://registry.npmjs.org/safe-buffer 88ms (cache hit)
npm http fetch GET 200 https://registry.npmjs.org/semver-diff 84ms (cache hit)
npm http fetch GET 200 https://registry.npmjs.org/form-data 92ms (cache hit)
npm http fetch GET 200 https://registry.npmjs.org/import-lazy 86ms (cache hit)
npm http fetch GET 200 https://registry.npmjs.org/is-npm 86ms (cache hit)
npm http fetch GET 200 https://registry.npmjs.org/is-typedarray 92ms (cache hit)
npm http fetch GET 200 https://registry.npmjs.org/is-yarn-global 86ms (cache hit)
npm http fetch GET 200 https://registry.npmjs.org/mime-types 90ms (cache hit)
npm http fetch GET 200 https://registry.npmjs.org/pupa 86ms (cache hit)
npm http fetch GET 200 https://registry.npmjs.org/cycle 84ms (cache hit)
npm http fetch GET 200 https://registry.npmjs.org/configstore 88ms (cache hit)
npm http fetch GET 200 https://registry.npmjs.org/colors 85ms (cache hit)
npm http fetch GET 200 https://registry.npmjs.org/eyes 84ms (cache hit)
npm http fetch GET 200 https://registry.npmjs.org/stack-trace 84ms (cache hit)
npm http fetch GET 200 https://registry.npmjs.org/require-directory 83ms (cache hit)
npm http fetch GET 200 https://registry.npmjs.org/xdg-basedir 87ms (cache hit)
npm http fetch GET 200 https://registry.npmjs.org/find-up 84ms (cache hit)
npm http fetch GET 200 https://registry.npmjs.org/decamelize 84ms (cache hit)
npm http fetch GET 200 https://registry.npmjs.org/set-blocking 83ms (cache hit)
npm http fetch GET 200 https://registry.npmjs.org/isstream 85ms (cache hit)
npm http fetch GET 200 https://registry.npmjs.org/require-main-filename 83ms (cache hit)
npm http fetch GET 200 https://registry.npmjs.org/boxen 89ms (cache hit)
npm http fetch GET 200 https://registry.npmjs.org/get-caller-file 85ms (cache hit)
npm http fetch GET 200 https://registry.npmjs.org/which-module 84ms (cache hit)
npm http fetch GET 200 https://registry.npmjs.org/yargs-parser 82ms (cache hit)
npm http fetch GET 200 https://registry.npmjs.org/ajv 92ms (cache hit)
npm http fetch GET 200 https://registry.npmjs.org/cliui 88ms (cache hit)
npm http fetch GET 200 https://registry.npmjs.org/inherits 109ms (cache hit)
npm http fetch GET 200 https://registry.npmjs.org/y18n 87ms (cache hit)
npm http fetch GET 200 https://registry.npmjs.org/oauth-sign 97ms (cache hit)
npm http fetch GET 200 https://registry.npmjs.org/lodash.defaults 14ms (cache hit)
npm http fetch GET 200 https://registry.npmjs.org/lodash.flatten 15ms (cache hit)
npm http fetch GET 200 https://registry.npmjs.org/end-of-stream 9ms (cache hit)
npm http fetch GET 200 https://registry.npmjs.org/lazystream 15ms (cache hit)
npm http fetch GET 200 https://registry.npmjs.org/lodash.union 14ms (cache hit)
npm http fetch GET 200 https://registry.npmjs.org/bl 9ms (cache hit)
npm http fetch GET 200 https://registry.npmjs.org/compress-commons 9ms (cache hit)
npm http fetch GET 200 https://registry.npmjs.org/lodash.isplainobject 15ms (cache hit)
npm http fetch GET 200 https://registry.npmjs.org/fs-constants 9ms (cache hit)
npm http fetch GET 200 https://registry.npmjs.org/string_decoder 14ms (cache hit)
npm http fetch GET 200 https://registry.npmjs.org/lodash.difference 16ms (cache hit)
npm http fetch GET 200 https://registry.npmjs.org/util-deprecate 14ms (cache hit)
npm http fetch GET 200 https://registry.npmjs.org/normalize-path 17ms (cache hit)
npm http fetch GET 200 https://registry.npmjs.org/core-util-is 4ms (cache hit)
npm http fetch GET 200 https://registry.npmjs.org/process-nextick-args 3ms (cache hit)
npm http fetch GET 200 https://registry.npmjs.org/isarray 3ms (cache hit)
npm http fetch GET 200 https://registry.npmjs.org/rimraf 1ms (cache hit)
npm http fetch GET 200 https://registry.npmjs.org/event-stream 2ms (cache hit)
npm http fetch GET 200 https://registry.npmjs.org/color-convert 3ms (cache hit)
npm http fetch GET 200 https://registry.npmjs.org/has-flag 4ms (cache hit)
npm http fetch GET 200 https://registry.npmjs.org/color-name 1ms (cache hit)
npm http fetch GET 200 https://registry.npmjs.org/strip-ansi 4ms (cache hit)
npm http fetch GET 200 https://registry.npmjs.org/is-fullwidth-code-point 5ms (cache hit)
npm http fetch GET 200 https://registry.npmjs.org/emoji-regex 5ms (cache hit)
npm http fetch GET 200 https://registry.npmjs.org/lodash.once 37ms (cache hit)
npm http fetch GET 200 https://registry.npmjs.org/undici-types 37ms (cache hit)
npm http fetch GET 200 https://registry.npmjs.org/onetime 30ms (cache hit)
npm http fetch GET 200 https://registry.npmjs.org/human-signals 31ms (cache hit)
npm http fetch GET 200 https://registry.npmjs.org/get-stream 32ms (cache hit)
npm http fetch GET 200 https://registry.npmjs.org/restore-cursor 35ms (cache hit)
npm http fetch GET 200 https://registry.npmjs.org/@types%2fyauzl 29ms (cache hit)
npm http fetch GET 200 https://registry.npmjs.org/merge-stream 31ms (cache hit)
npm http fetch GET 200 https://registry.npmjs.org/signal-exit 31ms (cache hit)
npm http fetch GET 200 https://registry.npmjs.org/npm-run-path 31ms (cache hit)
npm http fetch GET 200 https://registry.npmjs.org/is-path-inside 28ms (cache hit)
npm http fetch GET 200 https://registry.npmjs.org/@colors%2fcolors 36ms (cache hit)
npm http fetch GET 200 https://registry.npmjs.org/cross-spawn 34ms (cache hit)
npm http fetch GET 200 https://registry.npmjs.org/global-dirs 28ms (cache hit)
npm http fetch GET 200 https://registry.npmjs.org/is-stream 32ms (cache hit)
npm http fetch GET 200 https://registry.npmjs.org/strip-final-newline 31ms (cache hit)
npm http fetch GET 200 https://registry.npmjs.org/log-update 28ms (cache hit)
npm http fetch GET 200 https://registry.npmjs.org/colorette 28ms (cache hit)
npm http fetch GET 200 https://registry.npmjs.org/is-unicode-supported 26ms (cache hit)
npm http fetch GET 200 https://registry.npmjs.org/ci-info 30ms (cache hit)
npm http fetch GET 200 https://registry.npmjs.org/rfdc 28ms (cache hit)
npm http fetch GET 200 https://registry.npmjs.org/at-least-node 31ms (cache hit)
npm http fetch GET 200 https://registry.npmjs.org/throttleit 26ms (cache hit)
npm http fetch GET 200 https://registry.npmjs.org/through 28ms (cache hit)
npm http fetch GET 200 https://registry.npmjs.org/wrap-ansi 28ms (cache hit)
npm http fetch GET 200 https://registry.npmjs.org/cli-truncate 30ms (cache hit)
npm http fetch GET 200 https://registry.npmjs.org/lru-cache 25ms (cache hit)
npm http fetch GET 200 https://registry.npmjs.org/rxjs 29ms (cache hit)
npm http fetch GET 200 https://registry.npmjs.org/p-map 33ms (cache hit)
npm http fetch GET 200 https://registry.npmjs.org/base64-js 43ms (cache hit)
npm http fetch GET 200 https://registry.npmjs.org/fd-slicer 28ms (cache hit)
npm http fetch GET 200 https://registry.npmjs.org/ieee754 43ms (cache hit)
npm http fetch GET 200 https://registry.npmjs.org/get-stream 37ms (cache hit)
npm http fetch GET 200 https://registry.npmjs.org/side-channel 7ms (cache hit)
npm http fetch GET 200 https://registry.npmjs.org/sshpk 10ms (cache hit)
npm http fetch GET 200 https://registry.npmjs.org/delayed-stream 13ms (cache hit)
npm http fetch GET 200 https://registry.npmjs.org/punycode 7ms (cache hit)
npm http fetch GET 200 https://registry.npmjs.org/asynckit 12ms (cache hit)
npm http fetch GET 200 https://registry.npmjs.org/psl 7ms (cache hit)
npm http fetch GET 200 https://registry.npmjs.org/jsprim 11ms (cache hit)
npm http fetch GET 200 https://registry.npmjs.org/url-parse 7ms (cache hit)
npm http fetch GET 200 https://registry.npmjs.org/mime-db 10ms (cache hit)
npm http fetch GET 200 https://registry.npmjs.org/assert-plus 13ms (cache hit)
npm http fetch GET 200 https://registry.npmjs.org/file-type 9ms (cache hit)
npm http fetch GET 200 https://registry.npmjs.org/file-type 9ms (cache hit)
npm http fetch GET 200 https://registry.npmjs.org/seek-bzip 10ms (cache hit)
npm http fetch GET 200 https://registry.npmjs.org/is-natural-number 6ms (cache hit)
npm http fetch GET 200 https://registry.npmjs.org/unbzip2-stream 11ms (cache hit)
npm http fetch GET 200 https://registry.npmjs.org/file-type 10ms (cache hit)
npm http fetch GET 200 https://registry.npmjs.org/to-buffer 3ms (cache hit)
npm http fetch GET 200 https://registry.npmjs.org/buffer-alloc 3ms (cache hit)
npm http fetch GET 200 https://registry.npmjs.org/xtend 3ms (cache hit)
npm http fetch GET 200 https://registry.npmjs.org/pinkie-promise 3ms (cache hit)
npm http fetch GET 200 https://registry.npmjs.org/object-assign 3ms (cache hit)
npm http fetch GET 200 https://registry.npmjs.org/ansi-regex 2ms (cache hit)
npm http fetch GET 200 https://registry.npmjs.org/shebang-command 5ms (cache hit)
npm http fetch GET 200 https://registry.npmjs.org/pump 6ms (cache hit)
npm http fetch GET 200 https://registry.npmjs.org/which 6ms (cache hit)
npm http fetch GET 200 https://registry.npmjs.org/path-key 7ms (cache hit)
npm http fetch GET 200 https://registry.npmjs.org/mimic-fn 4ms (cache hit)
npm http fetch GET 200 https://registry.npmjs.org/path-key 5ms (cache hit)
npm http fetch GET 200 https://registry.npmjs.org/isexe 3ms (cache hit)
npm http fetch GET 200 https://registry.npmjs.org/shebang-regex 4ms (cache hit)
npm http fetch GET 200 https://registry.npmjs.org/pinkie 2ms (cache hit)
npm http fetch GET 200 https://registry.npmjs.org/brace-expansion 2ms (cache hit)
npm http fetch GET 200 https://registry.npmjs.org/wrappy 2ms (cache hit)
npm http fetch GET 200 https://registry.npmjs.org/dashdash 17ms (cache hit)
npm http fetch GET 200 https://registry.npmjs.org/tweetnacl 16ms (cache hit)
npm http fetch GET 200 https://registry.npmjs.org/safer-buffer 18ms (cache hit)
npm http fetch GET 200 https://registry.npmjs.org/extsprintf 19ms (cache hit)
npm http fetch GET 200 https://registry.npmjs.org/ecc-jsbn 17ms (cache hit)
npm http fetch GET 200 https://registry.npmjs.org/verror 19ms (cache hit)
npm http fetch GET 200 https://registry.npmjs.org/asn1 18ms (cache hit)
npm http fetch GET 200 https://registry.npmjs.org/getpass 18ms (cache hit)
npm http fetch GET 200 https://registry.npmjs.org/jsbn 17ms (cache hit)
npm http fetch GET 200 https://registry.npmjs.org/bcrypt-pbkdf 18ms (cache hit)
npm http fetch GET 200 https://registry.npmjs.org/json-schema 20ms (cache hit)
npm http fetch GET 200 https://registry.npmjs.org/ansi-escapes 6ms (cache hit)
npm http fetch GET 200 https://registry.npmjs.org/tslib 5ms (cache hit)
npm http fetch GET 200 https://registry.npmjs.org/aggregate-error 5ms (cache hit)
npm http fetch GET 200 https://registry.npmjs.org/astral-regex 2ms (cache hit)
npm http fetch GET 200 https://registry.npmjs.org/type-fest 2ms (cache hit)
npm http fetch GET 200 https://registry.npmjs.org/balanced-match 2ms (cache hit)
npm http fetch GET 200 https://registry.npmjs.org/concat-map 2ms (cache hit)
npm http fetch GET 200 https://registry.npmjs.org/readdirp 16ms (cache hit)
npm http fetch GET 200 https://registry.npmjs.org/braces 17ms (cache hit)
npm http fetch GET 200 https://registry.npmjs.org/fsevents 16ms (cache hit)
npm http fetch GET 200 https://registry.npmjs.org/locate-path 15ms (cache hit)
npm http fetch GET 200 https://registry.npmjs.org/is-glob 17ms (cache hit)
npm http fetch GET 200 https://registry.npmjs.org/path-exists 14ms (cache hit)
npm http fetch GET 200 https://registry.npmjs.org/is-binary-path 17ms (cache hit)
npm http fetch GET 200 https://registry.npmjs.org/argparse 15ms (cache hit)
npm http fetch GET 200 https://registry.npmjs.org/camelcase 12ms (cache hit)
npm http fetch GET 200 https://registry.npmjs.org/randombytes 14ms (cache hit)
npm http fetch GET 200 https://registry.npmjs.org/anymatch 19ms (cache hit)
npm http fetch GET 200 https://registry.npmjs.org/flat 11ms (cache hit)
npm http fetch GET 200 https://registry.npmjs.org/glob-parent 19ms (cache hit)
npm http fetch GET 200 https://registry.npmjs.org/escalade 14ms (cache hit)
npm http fetch GET 200 https://registry.npmjs.org/is-plain-obj 12ms (cache hit)
npm http fetch GET 200 https://registry.npmjs.org/picomatch 3ms (cache hit)
npm http fetch GET 200 https://registry.npmjs.org/is-extglob 4ms (cache hit)
npm http fetch GET 200 https://registry.npmjs.org/fill-range 5ms (cache hit)
npm http fetch GET 200 https://registry.npmjs.org/binary-extensions 4ms (cache hit)
npm http fetch GET 200 https://registry.npmjs.org/picomatch 7ms (cache hit)
npm http fetch GET 200 https://registry.npmjs.org/to-regex-range 2ms (cache hit)
npm http fetch GET 200 https://registry.npmjs.org/is-number 1ms (cache hit)
npm http fetch GET 200 https://registry.npmjs.org/p-locate 2ms (cache hit)
npm http fetch GET 200 https://registry.npmjs.org/p-limit 1ms (cache hit)
npm http fetch GET 200 https://registry.npmjs.org/easy-stack 1ms (cache hit)
npm http fetch GET 200 https://registry.npmjs.org/yocto-queue 2ms (cache hit)
npm http fetch GET 200 https://registry.npmjs.org/clean-stack 2ms (cache hit)
npm http fetch GET 200 https://registry.npmjs.org/indent-string 2ms (cache hit)
npm http fetch GET 200 https://registry.npmjs.org/stream-combiner 5ms (cache hit)
npm http fetch GET 200 https://registry.npmjs.org/map-stream 6ms (cache hit)
npm http fetch GET 200 https://registry.npmjs.org/pause-stream 5ms (cache hit)
npm http fetch GET 200 https://registry.npmjs.org/from 6ms (cache hit)
npm http fetch GET 200 https://registry.npmjs.org/duplexer 6ms (cache hit)
npm http fetch GET 200 https://registry.npmjs.org/split 6ms (cache hit)
npm http fetch GET 200 https://registry.npmjs.org/call-bind 3ms (cache hit)
npm http fetch GET 200 https://registry.npmjs.org/get-intrinsic 4ms (cache hit)
npm http fetch GET 200 https://registry.npmjs.org/object-inspect 3ms (cache hit)
npm http fetch GET 200 https://registry.npmjs.org/har-schema 4ms (cache hit)
npm http fetch GET 200 https://registry.npmjs.org/fast-json-stable-stringify 3ms (cache hit)
npm http fetch GET 200 https://registry.npmjs.org/fast-deep-equal 3ms (cache hit)
npm http fetch GET 200 https://registry.npmjs.org/json-schema-traverse 3ms (cache hit)
npm http fetch GET 200 https://registry.npmjs.org/uri-js 4ms (cache hit)
npm http fetch GET 200 https://registry.npmjs.org/yallist 1ms (cache hit)
npm http fetch GET 200 https://registry.npmjs.org/function-bind 5ms (cache hit)
npm http fetch GET 200 https://registry.npmjs.org/set-function-length 6ms (cache hit)
npm http fetch GET 200 https://registry.npmjs.org/has-proto 5ms (cache hit)
npm http fetch GET 200 https://registry.npmjs.org/has-symbols 5ms (cache hit)
npm http fetch GET 200 https://registry.npmjs.org/hasown 5ms (cache hit)
npm http fetch GET 200 https://registry.npmjs.org/define-data-property 3ms (cache hit)
npm http fetch GET 200 https://registry.npmjs.org/has-property-descriptors 2ms (cache hit)
npm http fetch GET 200 https://registry.npmjs.org/gopd 3ms (cache hit)
npm http fetch GET 200 https://registry.npmjs.org/requires-port 3ms (cache hit)
npm http fetch GET 200 https://registry.npmjs.org/querystringify 3ms (cache hit)
npm http fetch GET 200 https://registry.npmjs.org/ansi-align 8ms (cache hit)
npm http fetch GET 200 https://registry.npmjs.org/cli-boxes 8ms (cache hit)
npm http fetch GET 200 https://registry.npmjs.org/unique-string 7ms (cache hit)
npm http fetch GET 200 https://registry.npmjs.org/dot-prop 8ms (cache hit)
npm http fetch GET 200 https://registry.npmjs.org/escape-goat 6ms (cache hit)
npm http fetch GET 200 https://registry.npmjs.org/write-file-atomic 8ms (cache hit)
npm http fetch GET 200 https://registry.npmjs.org/widest-line 9ms (cache hit)
npm http fetch GET 200 https://registry.npmjs.org/package-json 6ms (cache hit)
npm http fetch GET 200 https://registry.npmjs.org/crypto-random-string 4ms (cache hit)
npm http fetch GET 200 https://registry.npmjs.org/imurmurhash 5ms (cache hit)
npm http fetch GET 200 https://registry.npmjs.org/is-obj 6ms (cache hit)
npm http fetch GET 200 https://registry.npmjs.org/typedarray-to-buffer 5ms (cache hit)
npm http fetch GET 200 https://registry.npmjs.org/registry-auth-token 2ms (cache hit)
npm http fetch GET 200 https://registry.npmjs.org/registry-url 3ms (cache hit)
npm http fetch GET 200 https://registry.npmjs.org/got 4ms (cache hit)
npm http fetch GET 200 https://registry.npmjs.org/cacheable-request 11ms (cache hit)
npm http fetch GET 200 https://registry.npmjs.org/lowercase-keys 10ms (cache hit)
npm http fetch GET 200 https://registry.npmjs.org/url-parse-lax 10ms (cache hit)
npm http fetch GET 200 https://registry.npmjs.org/rc 9ms (cache hit)
npm http fetch GET 200 https://registry.npmjs.org/@sindresorhus%2fis 12ms (cache hit)
npm http fetch GET 200 https://registry.npmjs.org/to-readable-stream 10ms (cache hit)
npm http fetch GET 200 https://registry.npmjs.org/@szmarczak%2fhttp-timer 13ms (cache hit)
npm http fetch GET 200 https://registry.npmjs.org/decompress-response 12ms (cache hit)
npm http fetch GET 200 https://registry.npmjs.org/rc 10ms (cache hit)
npm http fetch GET 200 https://registry.npmjs.org/p-cancelable 11ms (cache hit)
npm http fetch GET 200 https://registry.npmjs.org/duplexer3 12ms (cache hit)
npm http fetch GET 200 https://registry.npmjs.org/mimic-response 12ms (cache hit)
npm http fetch GET 200 https://registry.npmjs.org/responselike 7ms (cache hit)
npm http fetch GET 200 https://registry.npmjs.org/prepend-http 6ms (cache hit)
npm http fetch GET 200 https://registry.npmjs.org/keyv 8ms (cache hit)
npm http fetch GET 200 https://registry.npmjs.org/http-cache-semantics 8ms (cache hit)
npm http fetch GET 200 https://registry.npmjs.org/clone-response 10ms (cache hit)
npm http fetch GET 200 https://registry.npmjs.org/normalize-url 9ms (cache hit)
npm http fetch GET 200 https://registry.npmjs.org/defer-to-connect 10ms (cache hit)
npm http fetch GET 200 https://registry.npmjs.org/json-buffer 1ms (cache hit)
npm http fetch GET 200 https://registry.npmjs.org/deep-extend 2ms (cache hit)
npm http fetch GET 200 https://registry.npmjs.org/pend 1ms (cache hit)
npm http fetch GET 200 https://registry.npmjs.org/crc32-stream 1ms (cache hit)
npm http fetch GET 200 https://registry.npmjs.org/crc-32 1ms (cache hit)
npm http fetch GET 200 https://registry.npmjs.org/buffer-fill 4ms (cache hit)
npm http fetch GET 200 https://registry.npmjs.org/buffer-alloc-unsafe 4ms (cache hit)
npm http fetch GET 200 https://registry.npmjs.org/p-try 2ms (cache hit)
npm WARN deprecated har-validator@5.1.5: this library is no longer supported
npm http fetch POST 200 https://registry.npmjs.org/-/npm/v1/security/advisories/bulk 443ms
npm WARN deprecated uuid@3.4.0: Please upgrade  to version 7 or higher.  Older versions may use Math.random() in certain circumstances, which is known to be problematic.  See https://v8.dev/blog/math-random for details.
npm WARN deprecated request@2.88.2: request has been deprecated, see https://github.com/request/request/issues/3142
npm info run cypress@13.6.1 postinstall node_modules/cypress node index.js --exec install
npm info run cypress@13.6.1 postinstall { code: 0, signal: null }

added 450 packages, and audited 451 packages in 2s

66 packages are looking for funding
  run `npm fund` for details

7 moderate severity vulnerabilities

To address all issues (including breaking changes), run:
  npm audit fix --force

Run `npm audit` for details.
npm verb exit 0
npm info ok 
